<?xml version="1.0" encoding="UTF-8"?>
<robot generator="Robot 7.1 (Python 3.12.6 on win32)" generated="2024-09-24T14:55:24.549799" rpa="false" schemaversion="5">
<suite id="s1" name="Tc-01" source="C:\Users\Kritsada.s\Documents\GitHub\Robot\testcases\tc-01.robot">
<test id="s1-t1" name="TC-001 Assignment with a real test case" line="5">
<kw name="Open Doppee And Login With Username And Password" owner="login_features">
<kw name="Open doppiotech website" owner="common">
<kw name="Open Browser" owner="SeleniumLibrary">
<msg time="2024-09-24T14:55:24.816398" level="INFO">Opening browser 'gc' to base url 'https://training-platform.doppio-tech.com'.</msg>
<arg>${url}</arg>
<arg>gc</arg>
<doc>Opens a new browser instance to the optional ``url``.</doc>
<status status="PASS" start="2024-09-24T14:55:24.816398" elapsed="2.922402"/>
</kw>
<kw name="Maximize Browser Window" owner="SeleniumLibrary">
<doc>Maximizes current browser window.</doc>
<status status="PASS" start="2024-09-24T14:55:27.738800" elapsed="0.036245"/>
</kw>
<status status="PASS" start="2024-09-24T14:55:24.816398" elapsed="2.958647"/>
</kw>
<kw name="Click button user" owner="home_page">
<kw name="Click Element" owner="SeleniumLibrary">
<msg time="2024-09-24T14:55:27.776041" level="INFO">Clicking element '//*[@id="app"]/section/header/ul/div/div[2]/div[2]/span'.</msg>
<arg>${home_locator.btn_user}</arg>
<doc>Click the element identified by ``locator``.</doc>
<status status="PASS" start="2024-09-24T14:55:27.776041" elapsed="0.138201"/>
</kw>
<kw name="Wait Until Element Is Visible" owner="SeleniumLibrary">
<arg>${home_locator.from_login}</arg>
<doc>Waits until the element ``locator`` is visible.</doc>
<status status="PASS" start="2024-09-24T14:55:27.916322" elapsed="0.132642"/>
</kw>
<status status="PASS" start="2024-09-24T14:55:27.776041" elapsed="0.272923"/>
</kw>
<kw name="Input Username" owner="login_page">
<kw name="Wait Until Element Is Visible" owner="SeleniumLibrary">
<arg>${login_locator.form_login}</arg>
<doc>Waits until the element ``locator`` is visible.</doc>
<status status="PASS" start="2024-09-24T14:55:28.048964" elapsed="0.013205"/>
</kw>
<kw name="Input Text" owner="SeleniumLibrary">
<msg time="2024-09-24T14:55:28.063228" level="INFO">Typing text 'xcx@df.com' into text field '//input[@type='text']'.</msg>
<arg>${login_locator.txt_username}</arg>
<arg>${tc01.email}</arg>
<doc>Types the given ``text`` into the text field identified by ``locator``.</doc>
<status status="PASS" start="2024-09-24T14:55:28.063228" elapsed="0.084384"/>
</kw>
<status status="PASS" start="2024-09-24T14:55:28.048964" elapsed="0.098648"/>
</kw>
<kw name="Input Password" owner="login_page">
<kw name="Input Text" owner="SeleniumLibrary">
<msg time="2024-09-24T14:55:28.148633" level="INFO">Typing text 'P@ssw0rd' into text field '//input[@type='password']'.</msg>
<arg>${login_locator.txt_password}</arg>
<arg>${tc01.password}</arg>
<doc>Types the given ``text`` into the text field identified by ``locator``.</doc>
<status status="PASS" start="2024-09-24T14:55:28.148633" elapsed="0.077107"/>
</kw>
<kw name="Click Element" owner="SeleniumLibrary">
<msg time="2024-09-24T14:55:28.225740" level="INFO">Clicking element '//button[@type='submit']'.</msg>
<arg>${login_locator.btn_login}</arg>
<doc>Click the element identified by ``locator``.</doc>
<status status="PASS" start="2024-09-24T14:55:28.225740" elapsed="0.046074"/>
</kw>
<status status="PASS" start="2024-09-24T14:55:28.147612" elapsed="0.124202"/>
</kw>
<kw name="Check Pop up Login Page" owner="login_page">
<kw name="Wait Until Element Is Visible" owner="SeleniumLibrary">
<arg>${login_locator.popup_login_success}</arg>
<doc>Waits until the element ``locator`` is visible.</doc>
<status status="PASS" start="2024-09-24T14:55:28.272816" elapsed="0.225752"/>
</kw>
<kw name="Click Element" owner="SeleniumLibrary">
<msg time="2024-09-24T14:55:28.499564" level="INFO">Clicking element '//button[@class='css-eq3tly ant-btn ant-btn-primary']'.</msg>
<arg>${login_locator.btn_popup_ok}</arg>
<doc>Click the element identified by ``locator``.</doc>
<status status="PASS" start="2024-09-24T14:55:28.498568" elapsed="0.058801"/>
</kw>
<status status="PASS" start="2024-09-24T14:55:28.272816" elapsed="0.284553"/>
</kw>
<status status="PASS" start="2024-09-24T14:55:24.814821" elapsed="3.742548"/>
</kw>
<kw name="Search Product And Add Product to Cart" owner="home_features">
<kw name="Search Product" owner="home_page">
<kw name="Input Text" owner="SeleniumLibrary">
<msg time="2024-09-24T14:55:28.558367" level="INFO">Typing text 'Phone' into text field '//span[span[@class='ant-input-wrapper ant-input-group css-eq3tly']]//input'.</msg>
<arg>${home_locator.txt_search}</arg>
<arg>${tc01.search}</arg>
<doc>Types the given ``text`` into the text field identified by ``locator``.</doc>
<status status="PASS" start="2024-09-24T14:55:28.558367" elapsed="0.081313"/>
</kw>
<kw name="Click Element" owner="SeleniumLibrary">
<msg time="2024-09-24T14:55:28.640678" level="INFO">Clicking element '//span[span[@class='ant-input-group-addon']]//button'.</msg>
<arg>${home_locator.btn_search}</arg>
<doc>Click the element identified by ``locator``.</doc>
<status status="PASS" start="2024-09-24T14:55:28.640678" elapsed="0.182481"/>
</kw>
<kw name="Wait Until Element Is Visible" owner="SeleniumLibrary">
<arg>${home_locator.list_product}</arg>
<doc>Waits until the element ``locator`` is visible.</doc>
<status status="PASS" start="2024-09-24T14:55:28.823159" elapsed="0.228571"/>
</kw>
<status status="PASS" start="2024-09-24T14:55:28.558367" elapsed="0.493363"/>
</kw>
<kw name="Add Product to Cart" owner="home_page">
<kw name="Click Element" owner="SeleniumLibrary">
<msg time="2024-09-24T14:55:29.052727" level="INFO">Clicking element '//div[@class='ant-card-meta-title']'.</msg>
<arg>${home_locator.select_product}</arg>
<doc>Click the element identified by ``locator``.</doc>
<status status="PASS" start="2024-09-24T14:55:29.052727" elapsed="0.054818"/>
</kw>
<kw name="Wait Until Element Is Visible" owner="SeleniumLibrary">
<arg>${home_locator.btn_add_product}</arg>
<doc>Waits until the element ``locator`` is visible.</doc>
<status status="PASS" start="2024-09-24T14:55:29.108544" elapsed="0.233439"/>
</kw>
<kw name="Click Element" owner="SeleniumLibrary">
<msg time="2024-09-24T14:55:29.341983" level="INFO">Clicking element '//button[@class='css-eq3tly ant-btn ant-btn-primary cart-button']'.</msg>
<arg>${home_locator.btn_add_product}</arg>
<doc>Click the element identified by ``locator``.</doc>
<status status="PASS" start="2024-09-24T14:55:29.341983" elapsed="0.043583"/>
</kw>
<kw name="Wait Until Element Is Visible" owner="SeleniumLibrary">
<arg>${home_locator.popup_successfully}</arg>
<doc>Waits until the element ``locator`` is visible.</doc>
<status status="PASS" start="2024-09-24T14:55:29.386572" elapsed="0.231465"/>
</kw>
<kw name="Click Element" owner="SeleniumLibrary">
<msg time="2024-09-24T14:55:29.618037" level="INFO">Clicking element '//button[@class='css-eq3tly ant-btn ant-btn-primary']'.</msg>
<arg>${home_locator.btn_add_product_successfully}</arg>
<doc>Click the element identified by ``locator``.</doc>
<status status="PASS" start="2024-09-24T14:55:29.618037" elapsed="0.030789"/>
</kw>
<status status="PASS" start="2024-09-24T14:55:29.052727" elapsed="0.596099"/>
</kw>
<status status="PASS" start="2024-09-24T14:55:28.557369" elapsed="1.091457"/>
</kw>
<kw name="Input Delivery info And Click Button PAY" owner="cart_features">
<kw name="Click Cart" owner="cart_page">
<kw name="Click Element" owner="SeleniumLibrary">
<msg time="2024-09-24T14:55:29.649822" level="INFO">Clicking element '//span[@aria-label='shopping-cart']'.</msg>
<arg>${login_locator.btn_cart}</arg>
<doc>Click the element identified by ``locator``.</doc>
<status status="PASS" start="2024-09-24T14:55:29.649822" elapsed="0.279860"/>
</kw>
<kw name="Sleep" owner="BuiltIn">
<msg time="2024-09-24T14:55:30.931064" level="INFO">Slept 1 second.</msg>
<arg>1</arg>
<doc>Pauses the test executed for the given time.</doc>
<status status="PASS" start="2024-09-24T14:55:29.930679" elapsed="1.000385"/>
</kw>
<status status="PASS" start="2024-09-24T14:55:29.649822" elapsed="1.281744"/>
</kw>
<kw name="Input Delivery info" owner="cart_page">
<kw name="Wait Until Element Is Visible" owner="SeleniumLibrary">
<arg>${cart_locator.page_delivery_info}</arg>
<doc>Waits until the element ``locator`` is visible.</doc>
<status status="PASS" start="2024-09-24T14:55:30.932564" elapsed="0.015947"/>
</kw>
<kw name="Input Text" owner="SeleniumLibrary">
<msg time="2024-09-24T14:55:30.949508" level="INFO">Typing text 'Test' into text field '//input[@id='form_item_name']'.</msg>
<arg>${cart_locator.txt_delivery_info_name}</arg>
<arg>${tc01.name}</arg>
<doc>Types the given ``text`` into the text field identified by ``locator``.</doc>
<status status="PASS" start="2024-09-24T14:55:30.949508" elapsed="0.082598"/>
</kw>
<kw name="Input Text" owner="SeleniumLibrary">
<msg time="2024-09-24T14:55:31.034112" level="INFO">Typing text 'TT' into text field '//input[@id='form_item_surName']'.</msg>
<arg>${cart_locator.txt_delivery_info_surname}</arg>
<arg>${tc01.surname}</arg>
<doc>Types the given ``text`` into the text field identified by ``locator``.</doc>
<status status="PASS" start="2024-09-24T14:55:31.032106" elapsed="0.079775"/>
</kw>
<kw name="Input Text" owner="SeleniumLibrary">
<msg time="2024-09-24T14:55:31.112970" level="INFO">Typing text '123 to 456' into text field '//input[@id='form_item_address']'.</msg>
<arg>${cart_locator.txt_delivery_info_address}</arg>
<arg>${tc01.address}</arg>
<doc>Types the given ``text`` into the text field identified by ``locator``.</doc>
<status status="PASS" start="2024-09-24T14:55:31.111881" elapsed="0.097996"/>
</kw>
<kw name="Input Text" owner="SeleniumLibrary">
<msg time="2024-09-24T14:55:31.210906" level="INFO">Typing text '0800000000' into text field '//input[@id='form_item_phone']'.</msg>
<arg>${cart_locator.txt_delivery_info_phone}</arg>
<arg>${tc01.phone}</arg>
<doc>Types the given ``text`` into the text field identified by ``locator``.</doc>
<status status="PASS" start="2024-09-24T14:55:31.210906" elapsed="0.097317"/>
</kw>
<kw name="Input Text" owner="SeleniumLibrary">
<msg time="2024-09-24T14:55:31.309220" level="INFO">Typing text 'xcx@df.com' into text field '//input[@id='form_item_email']'.</msg>
<arg>${cart_locator.txt_delivery_info_email}</arg>
<arg>${tc01.email}</arg>
<doc>Types the given ``text`` into the text field identified by ``locator``.</doc>
<status status="PASS" start="2024-09-24T14:55:31.308223" elapsed="0.092436"/>
</kw>
<status status="PASS" start="2024-09-24T14:55:30.931566" elapsed="0.469093"/>
</kw>
<kw name="Click PAY" owner="cart_page">
<kw name="Click Element" owner="SeleniumLibrary">
<msg time="2024-09-24T14:55:31.402160" level="INFO">Clicking element '//button[@class='css-eq3tly ant-btn ant-btn-primary ant-btn-dangerous']'.</msg>
<arg>${cart_locator.btn_pay}</arg>
<doc>Click the element identified by ``locator``.</doc>
<status status="PASS" start="2024-09-24T14:55:31.402160" elapsed="0.084864"/>
</kw>
<status status="PASS" start="2024-09-24T14:55:31.402160" elapsed="0.084864"/>
</kw>
<status status="PASS" start="2024-09-24T14:55:29.649822" elapsed="1.837202"/>
</kw>
<kw name="Select Payment Method Credit Card And Input Credit Card Details" owner="payment_features">
<kw name="Select Payment Method Credit Card" owner="payment_page">
<kw name="Wait Until Element Is Visible" owner="SeleniumLibrary">
<arg>${payment_locator.page_Select_Payment_Method}</arg>
<doc>Waits until the element ``locator`` is visible.</doc>
<status status="PASS" start="2024-09-24T14:55:31.487024" elapsed="0.016625"/>
</kw>
<kw name="Click Element" owner="SeleniumLibrary">
<msg time="2024-09-24T14:55:31.503649" level="INFO">Clicking element '//div[@class='radio-box radio-selected']'.</msg>
<arg>${payment_locator.radio_Select_creditcard}</arg>
<doc>Click the element identified by ``locator``.</doc>
<status status="PASS" start="2024-09-24T14:55:31.503649" elapsed="0.031900"/>
</kw>
<kw name="Click Element" owner="SeleniumLibrary">
<msg time="2024-09-24T14:55:31.536557" level="INFO">Clicking element '//button[@type='button']'.</msg>
<arg>${payment_locator.btn_next_Select_Payment_Method}</arg>
<doc>Click the element identified by ``locator``.</doc>
<status status="PASS" start="2024-09-24T14:55:31.535549" elapsed="0.078014"/>
</kw>
<status status="PASS" start="2024-09-24T14:55:31.487024" elapsed="0.126539"/>
</kw>
<kw name="Input Credit Card Details" owner="payment_page">
<kw name="Wait Until Element Is Visible" owner="SeleniumLibrary">
<arg>${payment_locator.page_payment_details}</arg>
<doc>Waits until the element ``locator`` is visible.</doc>
<status status="PASS" start="2024-09-24T14:55:31.614562" elapsed="0.010602"/>
</kw>
<kw name="Input Text" owner="SeleniumLibrary">
<msg time="2024-09-24T14:55:31.626182" level="INFO">Typing text '4111111111111111' into text field '//input[@id='basic_bin']'.</msg>
<arg>${payment_locator.txt_card_number}</arg>
<arg>${CreditCard.cardnumber}</arg>
<doc>Types the given ``text`` into the text field identified by ``locator``.</doc>
<status status="PASS" start="2024-09-24T14:55:31.625164" elapsed="0.092573"/>
</kw>
<kw name="Input Text" owner="SeleniumLibrary">
<msg time="2024-09-24T14:55:31.718748" level="INFO">Typing text '12/2026' into text field '//input[@id='basic_exp']'.</msg>
<arg>${payment_locator.txt_exp_date}</arg>
<arg>${CreditCard.expdate}</arg>
<doc>Types the given ``text`` into the text field identified by ``locator``.</doc>
<status status="PASS" start="2024-09-24T14:55:31.717737" elapsed="0.076640"/>
</kw>
<kw name="Input Text" owner="SeleniumLibrary">
<msg time="2024-09-24T14:55:31.796379" level="INFO">Typing text '123' into text field '//input[@id='basic_cvc']'.</msg>
<arg>${payment_locator.txt_cvc}</arg>
<arg>${CreditCard.cvc}</arg>
<doc>Types the given ``text`` into the text field identified by ``locator``.</doc>
<status status="PASS" start="2024-09-24T14:55:31.795371" elapsed="0.060989"/>
</kw>
<kw name="Input Text" owner="SeleniumLibrary">
<msg time="2024-09-24T14:55:31.857371" level="INFO">Typing text 'Test' into text field '//input[@id='basic_owner']'.</msg>
<arg>${payment_locator.txt_cardowner}</arg>
<arg>${CreditCard.cardowner}</arg>
<doc>Types the given ``text`` into the text field identified by ``locator``.</doc>
<status status="PASS" start="2024-09-24T14:55:31.856360" elapsed="0.065781"/>
</kw>
<kw name="Click Element" owner="SeleniumLibrary">
<msg time="2024-09-24T14:55:31.922141" level="INFO">Clicking element '//button[@type='submit']'.</msg>
<arg>${payment_locator.btn_confirm_Payment}</arg>
<doc>Click the element identified by ``locator``.</doc>
<status status="PASS" start="2024-09-24T14:55:31.922141" elapsed="0.050446"/>
</kw>
<status status="PASS" start="2024-09-24T14:55:31.614562" elapsed="0.359026"/>
</kw>
<status status="PASS" start="2024-09-24T14:55:31.487024" elapsed="0.486564"/>
</kw>
<kw name="Check Payment success" owner="payment_features">
<kw name="Check Payment Page" owner="payment_page">
<kw name="Wait Until Element Is Visible" owner="SeleniumLibrary">
<arg>${payment_locator.popup_payment_page}</arg>
<doc>Waits until the element ``locator`` is visible.</doc>
<status status="PASS" start="2024-09-24T14:55:31.974579" elapsed="0.228344"/>
</kw>
<kw name="Click Element" owner="SeleniumLibrary">
<msg time="2024-09-24T14:55:32.202923" level="INFO">Clicking element '//button[@type='button']'.</msg>
<arg>${payment_locator.btn_ok_payment_page}</arg>
<doc>Click the element identified by ``locator``.</doc>
<status status="PASS" start="2024-09-24T14:55:32.202923" elapsed="0.058593"/>
</kw>
<status status="PASS" start="2024-09-24T14:55:31.974579" elapsed="0.287933"/>
</kw>
<kw name="Check Payment Complete" owner="payment_page">
<kw name="Wait Until Element Is Visible" owner="SeleniumLibrary">
<arg>${payment_locator.page_payment_success}</arg>
<doc>Waits until the element ``locator`` is visible.</doc>
<status status="PASS" start="2024-09-24T14:55:32.263496" elapsed="0.021332"/>
</kw>
<kw name="Get Text" owner="SeleniumLibrary">
<msg time="2024-09-24T14:55:32.303889" level="INFO">${oddetall} = ✔
Payment Complete
Thank you!</msg>
<var>${oddetall}</var>
<arg>${payment_locator.page_payment_success}</arg>
<doc>Returns the text value of the element identified by ``locator``.</doc>
<status status="PASS" start="2024-09-24T14:55:32.284828" elapsed="0.019297"/>
</kw>
<kw name="Log To Console" owner="BuiltIn">
<arg>${oddetall}</arg>
<doc>Logs the given message to the console.</doc>
<status status="PASS" start="2024-09-24T14:55:32.304125" elapsed="0.000000"/>
</kw>
<kw name="Click Element" owner="SeleniumLibrary">
<msg time="2024-09-24T14:55:32.304125" level="INFO">Clicking element '//button[@class='css-eq3tly ant-btn ant-btn-link']//span'.</msg>
<arg>${payment_locator.btn_payment_success}</arg>
<doc>Click the element identified by ``locator``.</doc>
<status status="PASS" start="2024-09-24T14:55:32.304125" elapsed="0.187546"/>
</kw>
<status status="PASS" start="2024-09-24T14:55:32.262512" elapsed="0.229159"/>
</kw>
<status status="PASS" start="2024-09-24T14:55:31.974579" elapsed="0.517092"/>
</kw>
<status status="PASS" start="2024-09-24T14:55:24.814821" elapsed="7.677927"/>
</test>
<status status="PASS" start="2024-09-24T14:55:24.550710" elapsed="7.942957"/>
</suite>
<statistics>
<total>
<stat pass="1" fail="0" skip="0">All Tests</stat>
</total>
<tag>
</tag>
<suite>
<stat pass="1" fail="0" skip="0" id="s1" name="Tc-01">Tc-01</stat>
</suite>
</statistics>
<errors>
<msg time="2024-09-24T14:55:24.811871" level="ERROR">Error in file 'C:\Users\Kritsada.s\Documents\GitHub\Robot\keywords\locators\cart_locator.robot' on line 6: Setting variable 'ant-card-body' failed: Invalid variable name 'ant-card-body'.</msg>
</errors>
</robot>
